<?xml version="1.0" encoding="utf-8"?><testsuites><testsuite name="pytest" errors="0" failures="0" skipped="0" tests="5" time="0.332" timestamp="2025-12-01T16:06:05.264335+03:00" hostname="MacBook-Air-5.local"><testcase classname="tests.test_login_sql_injection" name="test_login_should_not_allow_sql_injection" time="0.003" /><testcase classname="tests.test_login_success" name="test_login_with_valid_credentials_succeeds" time="0.001" /><testcase classname="tests.test_search_sql_like" name="test_search_should_not_return_all_on_injection" time="0.002" /><testcase classname="tests.test_xss_escaping" name="test_echo_should_escape_script_tags" time="0.003" /><testcase classname="tests.test_xss_plain_text_visible" name="test_echo_displays_message_as_text" time="0.001" /></testsuite></testsuites>